{"/Users/bankeasiwaju/Desktop/capston4/src/client/js/application.js": {"path":"/Users/bankeasiwaju/Desktop/capston4/src/client/js/application.js","statementMap":{"0":{"start":{"line":2,"column":2},"end":{"line":2,"column":24}},"1":{"start":{"line":5,"column":11},"end":{"line":5,"column":48}},"2":{"start":{"line":6,"column":0},"end":{"line":6,"column":25}},"3":{"start":{"line":8,"column":15},"end":{"line":8,"column":56}},"4":{"start":{"line":9,"column":13},"end":{"line":9,"column":52}},"5":{"start":{"line":10,"column":0},"end":{"line":10,"column":45}},"6":{"start":{"line":11,"column":0},"end":{"line":11,"column":43}},"7":{"start":{"line":14,"column":17},"end":{"line":14,"column":121}},"8":{"start":{"line":15,"column":24},"end":{"line":15,"column":58}},"9":{"start":{"line":16,"column":19},"end":{"line":16,"column":55}},"10":{"start":{"line":17,"column":0},"end":{"line":17,"column":14}},"11":{"start":{"line":19,"column":2},"end":{"line":31,"column":4}},"12":{"start":{"line":20,"column":20},"end":{"line":20,"column":35}},"13":{"start":{"line":22,"column":20},"end":{"line":22,"column":36}},"14":{"start":{"line":25,"column":24},"end":{"line":25,"column":63}},"15":{"start":{"line":26,"column":6},"end":{"line":26,"column":59}},"16":{"start":{"line":27,"column":6},"end":{"line":27,"column":60}},"17":{"start":{"line":28,"column":6},"end":{"line":28,"column":62}},"18":{"start":{"line":29,"column":6},"end":{"line":29,"column":29}},"19":{"start":{"line":38,"column":12},"end":{"line":38,"column":26}},"20":{"start":{"line":39,"column":12},"end":{"line":39,"column":26}},"21":{"start":{"line":40,"column":19},"end":{"line":40,"column":122}},"22":{"start":{"line":43,"column":4},"end":{"line":52,"column":5}},"23":{"start":{"line":44,"column":22},"end":{"line":44,"column":37}},"24":{"start":{"line":47,"column":21},"end":{"line":47,"column":33}},"25":{"start":{"line":48,"column":27},"end":{"line":48,"column":63}},"26":{"start":{"line":49,"column":6},"end":{"line":49,"column":83}},"27":{"start":{"line":50,"column":6},"end":{"line":50,"column":68}},"28":{"start":{"line":51,"column":6},"end":{"line":51,"column":53}},"29":{"start":{"line":59,"column":22},"end":{"line":59,"column":105}},"30":{"start":{"line":60,"column":4},"end":{"line":66,"column":6}},"31":{"start":{"line":61,"column":24},"end":{"line":61,"column":39}},"32":{"start":{"line":63,"column":21},"end":{"line":63,"column":33}},"33":{"start":{"line":64,"column":24},"end":{"line":64,"column":45}},"34":{"start":{"line":65,"column":6},"end":{"line":65,"column":81}}},"fnMap":{"0":{"name":"handleSubmit","decl":{"start":{"line":1,"column":9},"end":{"line":1,"column":21}},"loc":{"start":{"line":1,"column":29},"end":{"line":70,"column":1}},"line":1},"1":{"name":"getGeoNames","decl":{"start":{"line":18,"column":9},"end":{"line":18,"column":20}},"loc":{"start":{"line":18,"column":23},"end":{"line":32,"column":1}},"line":18},"2":{"name":"(anonymous_2)","decl":{"start":{"line":20,"column":6},"end":{"line":20,"column":7}},"loc":{"start":{"line":20,"column":20},"end":{"line":20,"column":35}},"line":20},"3":{"name":"(anonymous_3)","decl":{"start":{"line":21,"column":6},"end":{"line":21,"column":7}},"loc":{"start":{"line":21,"column":14},"end":{"line":31,"column":3}},"line":21},"4":{"name":"getWeatherBit","decl":{"start":{"line":36,"column":12},"end":{"line":36,"column":25}},"loc":{"start":{"line":36,"column":36},"end":{"line":53,"column":1}},"line":36},"5":{"name":"(anonymous_5)","decl":{"start":{"line":44,"column":8},"end":{"line":44,"column":9}},"loc":{"start":{"line":44,"column":22},"end":{"line":44,"column":37}},"line":44},"6":{"name":"(anonymous_6)","decl":{"start":{"line":45,"column":7},"end":{"line":45,"column":8}},"loc":{"start":{"line":45,"column":15},"end":{"line":52,"column":3}},"line":45},"7":{"name":"getPixabay","decl":{"start":{"line":58,"column":11},"end":{"line":58,"column":21}},"loc":{"start":{"line":58,"column":29},"end":{"line":67,"column":3}},"line":58},"8":{"name":"(anonymous_8)","decl":{"start":{"line":61,"column":10},"end":{"line":61,"column":11}},"loc":{"start":{"line":61,"column":24},"end":{"line":61,"column":39}},"line":61},"9":{"name":"(anonymous_9)","decl":{"start":{"line":62,"column":10},"end":{"line":62,"column":11}},"loc":{"start":{"line":62,"column":18},"end":{"line":66,"column":5}},"line":62}},"branchMap":{},"s":{"0":0,"1":0,"2":0,"3":0,"4":0,"5":0,"6":0,"7":0,"8":0,"9":0,"10":0,"11":0,"12":0,"13":0,"14":0,"15":0,"16":0,"17":0,"18":0,"19":0,"20":0,"21":0,"22":0,"23":0,"24":0,"25":0,"26":0,"27":0,"28":0,"29":0,"30":0,"31":0,"32":0,"33":0,"34":0},"f":{"0":0,"1":0,"2":0,"3":0,"4":0,"5":0,"6":0,"7":0,"8":0,"9":0},"b":{},"_coverageSchema":"1a1c01bbd47fc00a2c39e90264f33305004495a9","hash":"e79348b38ec05c9e2dc8c23add4e040e122cebf1"}
,"/Users/bankeasiwaju/Desktop/capston4/src/server/index.js": {"path":"/Users/bankeasiwaju/Desktop/capston4/src/server/index.js","statementMap":{"0":{"start":{"line":1,"column":15},"end":{"line":1,"column":32}},"1":{"start":{"line":2,"column":0},"end":{"line":2,"column":16}},"2":{"start":{"line":3,"column":11},"end":{"line":3,"column":26}},"3":{"start":{"line":4,"column":16},"end":{"line":4,"column":34}},"4":{"start":{"line":5,"column":12},"end":{"line":5,"column":21}},"5":{"start":{"line":7,"column":19},"end":{"line":7,"column":41}},"6":{"start":{"line":11,"column":0},"end":{"line":11,"column":52}},"7":{"start":{"line":12,"column":0},"end":{"line":12,"column":27}},"8":{"start":{"line":15,"column":13},"end":{"line":15,"column":28}},"9":{"start":{"line":16,"column":0},"end":{"line":16,"column":16}},"10":{"start":{"line":20,"column":0},"end":{"line":20,"column":31}},"11":{"start":{"line":22,"column":0},"end":{"line":22,"column":22}},"12":{"start":{"line":24,"column":0},"end":{"line":27,"column":2}},"13":{"start":{"line":25,"column":4},"end":{"line":25,"column":35}},"14":{"start":{"line":30,"column":0},"end":{"line":32,"column":2}},"15":{"start":{"line":31,"column":4},"end":{"line":31,"column":54}},"16":{"start":{"line":34,"column":0},"end":{"line":36,"column":2}},"17":{"start":{"line":35,"column":4},"end":{"line":35,"column":29}},"18":{"start":{"line":39,"column":0},"end":{"line":39,"column":26}},"19":{"start":{"line":43,"column":2},"end":{"line":43,"column":29}},"20":{"start":{"line":47,"column":0},"end":{"line":47,"column":30}},"21":{"start":{"line":50,"column":2},"end":{"line":50,"column":23}},"22":{"start":{"line":51,"column":0},"end":{"line":51,"column":36}},"23":{"start":{"line":52,"column":0},"end":{"line":52,"column":34}},"24":{"start":{"line":53,"column":0},"end":{"line":53,"column":34}},"25":{"start":{"line":54,"column":0},"end":{"line":54,"column":32}},"26":{"start":{"line":57,"column":0},"end":{"line":57,"column":22}},"27":{"start":{"line":61,"column":0},"end":{"line":61,"column":21}}},"fnMap":{"0":{"name":"(anonymous_0)","decl":{"start":{"line":24,"column":13},"end":{"line":24,"column":14}},"loc":{"start":{"line":24,"column":33},"end":{"line":27,"column":1}},"line":24},"1":{"name":"(anonymous_1)","decl":{"start":{"line":30,"column":17},"end":{"line":30,"column":18}},"loc":{"start":{"line":30,"column":29},"end":{"line":32,"column":1}},"line":30},"2":{"name":"(anonymous_2)","decl":{"start":{"line":34,"column":17},"end":{"line":34,"column":18}},"loc":{"start":{"line":34,"column":37},"end":{"line":36,"column":1}},"line":34},"3":{"name":"sendData","decl":{"start":{"line":42,"column":9},"end":{"line":42,"column":17}},"loc":{"start":{"line":42,"column":38},"end":{"line":44,"column":1}},"line":42},"4":{"name":"addData","decl":{"start":{"line":49,"column":9},"end":{"line":49,"column":16}},"loc":{"start":{"line":49,"column":25},"end":{"line":59,"column":1}},"line":49}},"branchMap":{},"s":{"0":1,"1":1,"2":1,"3":1,"4":1,"5":1,"6":1,"7":1,"8":1,"9":1,"10":1,"11":1,"12":1,"13":0,"14":1,"15":0,"16":1,"17":0,"18":1,"19":0,"20":1,"21":0,"22":0,"23":0,"24":0,"25":0,"26":0,"27":1},"f":{"0":0,"1":0,"2":0,"3":0,"4":0},"b":{},"_coverageSchema":"1a1c01bbd47fc00a2c39e90264f33305004495a9","hash":"6b1ef429e1b1ca141444c5eacf02258858d19580"}
}
