TN:
SF:src/client/js/application.js
FN:1,handleSubmit
FN:18,getGeoNames
FN:20,(anonymous_2)
FN:21,(anonymous_3)
FN:36,getWeatherBit
FN:44,(anonymous_5)
FN:45,(anonymous_6)
FN:58,getPixabay
FN:61,(anonymous_8)
FN:62,(anonymous_9)
FNF:10
FNH:0
FNDA:0,handleSubmit
FNDA:0,getGeoNames
FNDA:0,(anonymous_2)
FNDA:0,(anonymous_3)
FNDA:0,getWeatherBit
FNDA:0,(anonymous_5)
FNDA:0,(anonymous_6)
FNDA:0,getPixabay
FNDA:0,(anonymous_8)
FNDA:0,(anonymous_9)
DA:2,0
DA:5,0
DA:6,0
DA:8,0
DA:9,0
DA:10,0
DA:11,0
DA:14,0
DA:15,0
DA:16,0
DA:17,0
DA:19,0
DA:20,0
DA:22,0
DA:25,0
DA:26,0
DA:27,0
DA:28,0
DA:29,0
DA:38,0
DA:39,0
DA:40,0
DA:43,0
DA:44,0
DA:47,0
DA:48,0
DA:49,0
DA:50,0
DA:51,0
DA:59,0
DA:60,0
DA:61,0
DA:63,0
DA:64,0
DA:65,0
LF:35
LH:0
BRF:0
BRH:0
end_of_record
TN:
SF:src/server/index.js
FN:24,(anonymous_0)
FN:30,(anonymous_1)
FN:34,(anonymous_2)
FN:42,sendData
FN:49,addData
FNF:5
FNH:0
FNDA:0,(anonymous_0)
FNDA:0,(anonymous_1)
FNDA:0,(anonymous_2)
FNDA:0,sendData
FNDA:0,addData
DA:1,1
DA:2,1
DA:3,1
DA:4,1
DA:5,1
DA:7,1
DA:11,1
DA:12,1
DA:15,1
DA:16,1
DA:20,1
DA:22,1
DA:24,1
DA:25,0
DA:30,1
DA:31,0
DA:34,1
DA:35,0
DA:39,1
DA:43,0
DA:47,1
DA:50,0
DA:51,0
DA:52,0
DA:53,0
DA:54,0
DA:57,0
DA:61,1
LF:28
LH:18
BRF:0
BRH:0
end_of_record
